
/home/runner/work/exp-rlc-series-circuit-iitkgp/exp-rlc-series-circuit-iitkgp/experiment/simulation/js/demo.js
    1:1   warning  'jsPlumb' is not defined                       no-undef
    6:9   warning  'addDisc' is assigned a value but never used   no-unused-vars
    8:17  warning  'e' is assigned a value but never used         no-unused-vars
   15:9   warning  'reset' is assigned a value but never used     no-unused-vars
   28:51  warning  'ui' is defined but never used                 no-unused-vars
   30:21  warning  'jsPlumb' is not defined                       no-undef
   35:25  warning  'jsPlumb' is not defined                       no-undef
   40:21  warning  'l' is assigned a value but never used         no-unused-vars
   41:21  warning  't' is assigned a value but never used         no-unused-vars
   83:16  warning  'jsPlumb' is not defined                       no-undef
   92:13  warning  'e1' is assigned a value but never used        no-unused-vars
   93:13  warning  'e2' is assigned a value but never used        no-unused-vars
   94:3   warning  Mixed spaces and tabs                          no-mixed-spaces-and-tabs
   94:5   warning  'e3' is assigned a value but never used        no-unused-vars
   95:13  warning  'e4' is assigned a value but never used        no-unused-vars
   96:4   warning  'e5' is assigned a value but never used        no-unused-vars
   97:4   warning  'e6' is assigned a value but never used        no-unused-vars
   98:13  warning  'e7' is assigned a value but never used        no-unused-vars
   99:4   warning  'e8' is assigned a value but never used        no-unused-vars
  100:4   warning  'e9' is assigned a value but never used        no-unused-vars
  101:13  warning  'e10' is assigned a value but never used       no-unused-vars
  102:4   warning  'e11' is assigned a value but never used       no-unused-vars
  105:4   warning  'clearBtn' is assigned a value but never used  no-unused-vars
  105:15  warning  'jsPlumb' is not defined                       no-undef
  106:13  warning  'addBtn' is assigned a value but never used    no-unused-vars
  106:22  warning  'jsPlumb' is not defined                       no-undef
  204:2   warning  Mixed spaces and tabs                          no-mixed-spaces-and-tabs
  255:3   warning  Mixed spaces and tabs                          no-mixed-spaces-and-tabs
  288:2   warning  Mixed spaces and tabs                          no-mixed-spaces-and-tabs
  292:13  warning  'count' is assigned a value but never used     no-unused-vars
  438:3   warning  Mixed spaces and tabs                          no-mixed-spaces-and-tabs
  451:10  warning  'deleteconnection' is defined but never used   no-unused-vars

/home/runner/work/exp-rlc-series-circuit-iitkgp/exp-rlc-series-circuit-iitkgp/experiment/simulation/js/jsplumb.js
     68:9   warning  'root' is assigned a value but never used                                  no-unused-vars
    130:18  warning  'i' is already defined                                                     no-redeclare
    184:18  warning  'i' is already defined                                                     no-redeclare
    242:22  warning  'j' is already defined                                                     no-redeclare
    264:56  warning  't' is defined but never used                                              no-unused-vars
    279:26  warning  'j' is already defined                                                     no-redeclare
    590:9   warning  'exports' is not defined                                                   no-undef
    624:1   warning  Unnecessary semicolon                                                      no-extra-semi
    634:9   warning  'exports' is not defined                                                   no-undef
    669:9   warning  '_normal' is assigned a value but never used                               no-unused-vars
    680:9   warning  '_lineLength' is assigned a value but never used                           no-unused-vars
    714:9   warning  '_theta' is assigned a value but never used                                no-unused-vars
    733:9   warning  '_intersects' is assigned a value but never used                           no-unused-vars
    755:9   warning  '_encloses' is assigned a value but never used                             no-unused-vars
    772:9   warning  '_pointOnLine' is assigned a value but never used                          no-unused-vars
    789:9   warning  '_perpendicularLineTo' is assigned a value but never used                  no-unused-vars
    797:1   warning  Unnecessary semicolon                                                      no-extra-semi
    854:28  warning  'view' is defined but never used                                           no-unused-vars
    854:34  warning  'target' is defined but never used                                         no-unused-vars
    854:42  warning  'pageX' is defined but never used                                          no-unused-vars
    854:49  warning  'pageY' is defined but never used                                          no-unused-vars
    854:56  warning  'screenX' is defined but never used                                        no-unused-vars
    854:65  warning  'screenY' is defined but never used                                        no-unused-vars
    854:74  warning  'clientX' is defined but never used                                        no-unused-vars
    854:83  warning  'clientY' is defined but never used                                        no-unused-vars
   1048:58  warning  Do not access Object.prototype method 'hasOwnProperty' from target object  no-prototype-builtins
   1090:39  warning  Do not access Object.prototype method 'hasOwnProperty' from target object  no-prototype-builtins
   1140:9   warning  'touchstart' is assigned a value but never used                            no-unused-vars
   1140:36  warning  'touchend' is assigned a value but never used                              no-unused-vars
   1140:59  warning  'touchmove' is assigned a value but never used                             no-unused-vars
   1145:54  warning  Unnecessary escape character: \.                                           no-useless-escape
   1231:73  warning  Invalid typeof comparison value                                            valid-typeof
   1294:38  warning  Do not access Object.prototype method 'hasOwnProperty' from target object  no-prototype-builtins
   1296:51  warning  Do not access Object.prototype method 'hasOwnProperty' from target object  no-prototype-builtins
   1318:29  warning  'el' is defined but never used                                             no-unused-vars
   1318:33  warning  'event' is defined but never used                                          no-unused-vars
   1318:40  warning  'children' is defined but never used                                       no-unused-vars
   1318:50  warning  'fn' is defined but never used                                             no-unused-vars
   1465:9   warning  'exports' is not defined                                                   no-undef
   1498:1   warning  Unnecessary semicolon                                                      no-extra-semi
   1612:54  warning  Unnecessary escape character: \.                                           no-useless-escape
   1736:42  warning  'scope' is defined but never used                                          no-unused-vars
   1744:13  warning  'scroll' is assigned a value but never used                                no-unused-vars
   1894:13  warning  '_addFilter' is assigned a value but never used                            no-unused-vars
   1895:13  warning  '_removeFilter' is assigned a value but never used                         no-unused-vars
   2110:31  warning  Empty block statement                                                      no-empty
   2299:42  warning  'scope' is defined but never used                                          no-unused-vars
   2319:56  warning  'drag' is defined but never used                                           no-unused-vars
   2407:13  warning  '_getMatchingDroppables' is assigned a value but never used                no-unused-vars
   2451:18  warning  'i' is already defined                                                     no-redeclare
   2773:40  warning  'spec' is defined but never used                                           no-unused-vars
   2796:38  warning  'spec' is defined but never used                                           no-unused-vars
   2881:9   warning  'exports' is not defined                                                   no-undef
   2902:42  warning  'exports' is not defined                                                   no-undef
   2951:19  warning  Do not access Object.prototype method 'hasOwnProperty' from target object  no-prototype-builtins
   3047:26  warning  Unnecessary escape character: \.                                           no-useless-escape
   3048:40  warning  Unnecessary escape character: \[                                           no-useless-escape
   3258:36  warning  '_protoFn' is defined but never used                                       no-unused-vars
   3266:45  warning  Do not access Object.prototype method 'hasOwnProperty' from target object  no-prototype-builtins
   3266:83  warning  Do not access Object.prototype method 'hasOwnProperty' from target object  no-prototype-builtins
   3279:41  warning  Do not access Object.prototype method 'hasOwnProperty' from target object  no-prototype-builtins
   3279:79  warning  Do not access Object.prototype method 'hasOwnProperty' from target object  no-prototype-builtins
   3342:42  warning  Empty block statement                                                      no-empty
   3424:23  warning  Empty block statement                                                      no-empty
   3593:2   warning  Unnecessary semicolon                                                      no-extra-semi
   3658:1   warning  Unnecessary semicolon                                                      no-extra-semi
   3661:44  warning  'ep' is defined but never used                                             no-unused-vars
   3661:48  warning  'conn' is defined but never used                                           no-unused-vars
   3791:38  warning  'e' is defined but never used                                              no-unused-vars
   3896:1   warning  Unnecessary semicolon                                                      no-extra-semi
   3928:9   warning  'eventFilters' is assigned a value but never used                          no-unused-vars
   3947:9   warning  '_each' is assigned a value but never used                                 no-unused-vars
   4620:29  warning  'o' is assigned a value but never used                                     no-unused-vars
   4942:13  warning  '_setDraggable' is assigned a value but never used                         no-unused-vars
   5166:56  warning  'args' is defined but never used                                           no-unused-vars
   5214:60  warning  'cEl' is assigned a value but never used                                   no-unused-vars
   5845:13  warning  '_unmanage' is assigned a value but never used                             no-unused-vars
   5942:68  warning  'jsPlumbInstance' is assigned a value but never used                       no-unused-vars
   6512:39  warning  'scope' is defined but never used                                          no-unused-vars
   7192:9   warning  'exports' is not defined                                                   no-undef
   7207:1   warning  Unnecessary semicolon                                                      no-extra-semi
   7325:36  warning  'ignoreAttachedElements' is defined but never used                         no-unused-vars
   7517:1   warning  Unnecessary semicolon                                                      no-extra-semi
   7759:41  warning  'doNotRepaint' is defined but never used                                   no-unused-vars
   7764:50  warning  'doNotRepaint' is defined but never used                                   no-unused-vars
   7829:53  warning  'fireEvent' is defined but never used                                      no-unused-vars
   7829:64  warning  'originalEvent' is defined but never used                                  no-unused-vars
   7943:52  warning  Do not access Object.prototype method 'hasOwnProperty' from target object  no-prototype-builtins
   7989:39  warning  'startParams' is defined but never used                                    no-unused-vars
   8553:17  warning  'elId' is assigned a value but never used                                  no-unused-vars
   8790:1   warning  Unnecessary semicolon                                                      no-extra-semi
   9309:52  warning  Do not access Object.prototype method 'hasOwnProperty' from target object  no-prototype-builtins
   9334:52  warning  Do not access Object.prototype method 'hasOwnProperty' from target object  no-prototype-builtins
   9346:21  warning  'jsPlumb' is not defined                                                   no-undef
   9446:1   warning  Unnecessary semicolon                                                      no-extra-semi
  10153:27  warning  'Biltong' is not defined                                                   no-undef
  10505:23  warning  'jsPlumbUtil' is not defined                                               no-undef
  10741:1   warning  Unnecessary semicolon                                                      no-extra-semi
  10747:9   warning  '_ju' is assigned a value but never used                                   no-unused-vars
  10811:1   warning  Unnecessary semicolon                                                      no-extra-semi
  10841:53  warning  'x' is defined but never used                                              no-unused-vars
  10841:56  warning  'y' is defined but never used                                              no-unused-vars
  10868:46  warning  'x1' is defined but never used                                             no-unused-vars
  10868:50  warning  'y1' is defined but never used                                             no-unused-vars
  10868:54  warning  'x2' is defined but never used                                             no-unused-vars
  10868:58  warning  'y2' is defined but never used                                             no-unused-vars
  10901:17  warning  '_super' is assigned a value but never used                                no-unused-vars
  10959:46  warning  '_' is defined but never used                                              no-unused-vars
  11161:17  warning  '_super' is assigned a value but never used                                no-unused-vars
  11393:17  warning  '_super' is assigned a value but never used                                no-unused-vars
  11752:13  warning  'dumpSegmentsToConsole' is assigned a value but never used                 no-unused-vars
  11808:48  warning  'anchorPoint' is defined but never used                                    no-unused-vars
  11808:61  warning  'orientation' is defined but never used                                    no-unused-vars
  11808:74  warning  'endpointStyle' is defined but never used                                  no-unused-vars
  11808:89  warning  'connectorPaintStyle' is defined but never used                            no-unused-vars
  11841:13  warning  '_super' is assigned a value but never used                                no-unused-vars
  11847:76  warning  'connectorPaintStyle' is defined but never used                            no-unused-vars
  11868:13  warning  '_super' is assigned a value but never used                                no-unused-vars
  11873:76  warning  'connectorPaintStyle' is defined but never used                            no-unused-vars
  11884:40  warning  'params' is defined but never used                                         no-unused-vars
  11962:48  warning  'orientation' is defined but never used                                    no-unused-vars
  11962:61  warning  'endpointStyle' is defined but never used                                  no-unused-vars
  11962:76  warning  'connectorPaintStyle' is defined but never used                            no-unused-vars
  11988:40  warning  'd' is defined but never used                                              no-unused-vars
  11988:43  warning  'style' is defined but never used                                          no-unused-vars
  11988:50  warning  'anchor' is defined but never used                                         no-unused-vars
  12031:13  warning  '_super' is assigned a value but never used                                no-unused-vars
  12034:48  warning  'orientation' is defined but never used                                    no-unused-vars
  12034:61  warning  'endpointStyle' is defined but never used                                  no-unused-vars
  12034:76  warning  'connectorPaintStyle' is defined but never used                            no-unused-vars
  12050:32  warning  'style' is defined but never used                                          no-unused-vars
  12050:39  warning  'anchor' is defined but never used                                         no-unused-vars
  12083:76  warning  'connectorPaintStyle' is defined but never used                            no-unused-vars
  12112:27  warning  'instance' is defined but never used                                       no-unused-vars
  12112:37  warning  'component' is defined but never used                                      no-unused-vars
  12181:43  warning  'component' is defined but never used                                      no-unused-vars
  12345:17  warning  'jsPlumb' is not defined                                                   no-undef
  12452:37  warning  'component' is defined but never used                                      no-unused-vars
  12462:29  warning  'containerExtents' is defined but never used                               no-unused-vars
  12490:37  warning  'params' is defined but never used                                         no-unused-vars
  12503:42  warning  'currentConnectionPaintStyle' is defined but never used                    no-unused-vars
  12547:13  warning  'labelWidth' is assigned a value but never used                            no-unused-vars
  12547:32  warning  'labelHeight' is assigned a value but never used                           no-unused-vars
  12547:52  warning  'labelText' is assigned a value but never used                             no-unused-vars
  12547:70  warning  'labelPadding' is assigned a value but never used                          no-unused-vars
  12637:1   warning  Unnecessary semicolon                                                      no-extra-semi
  12692:32  warning  'g' is assigned a value but never used                                     no-unused-vars
  12692:42  warning  'child' is assigned a value but never used                                 no-unused-vars
  13095:35  warning  'conn' is defined but never used                                           no-unused-vars
  13095:41  warning  'endpointIndex' is defined but never used                                  no-unused-vars
  13099:37  warning  'conn' is defined but never used                                           no-unused-vars
  13099:43  warning  'endpointIndex' is defined but never used                                  no-unused-vars
  13112:56  warning  'jsPlumb' is not defined                                                   no-undef
  13148:38  warning  '_el' is defined but never used                                            no-unused-vars
  13148:43  warning  'targetGroup' is defined but never used                                    no-unused-vars
  13201:29  warning  'jsPlumbUtil' is not defined                                               no-undef
  13550:25  warning  'child' is assigned a value but never used                                 no-unused-vars
  13574:1   warning  Unnecessary semicolon                                                      no-extra-semi
  13590:41  warning  'lastOrientation' is assigned a value but never used                       no-unused-vars
  13594:13  warning  'loopbackRadius' is assigned a value but never used                        no-unused-vars
  13595:13  warning  'isLoopbackCurrently' is assigned a value but never used                   no-unused-vars
  13940:1   warning  Unnecessary semicolon                                                      no-extra-semi
  13949:13  warning  'curviness' is assigned a value but never used                             no-unused-vars
  13951:13  warning  'proximityLimit' is assigned a value but never used                        no-unused-vars
  13954:13  warning  'isLoopbackCurrently' is assigned a value but never used                   no-unused-vars
  14094:1   warning  Unnecessary semicolon                                                      no-extra-semi
  14189:13  warning  'clockwise' is assigned a value but never used                             no-unused-vars
  14290:1   warning  Unnecessary semicolon                                                      no-extra-semi
  14297:30  warning  'params' is defined but never used                                         no-unused-vars
  14301:46  warning  '_' is defined but never used                                              no-unused-vars
  14323:1   warning  Unnecessary semicolon                                                      no-extra-semi
  14728:35  warning  'style' is defined but never used                                          no-unused-vars
  14751:35  warning  'style' is defined but never used                                          no-unused-vars
  14787:13  warning  'self' is assigned a value but never used                                  no-unused-vars
  14948:1   warning  Unnecessary semicolon                                                      no-extra-semi
  15143:39  warning  'jsPlumb' is not defined                                                   no-undef
  15172:29  warning  'jsPlumb' is not defined                                                   no-undef
  15179:38  warning  Do not access Object.prototype method 'hasOwnProperty' from target object  no-prototype-builtins
  15180:39  warning  'jsPlumb' is not defined                                                   no-undef
  15247:40  warning  Do not access Object.prototype method 'hasOwnProperty' from target object  no-prototype-builtins
  15338:22  warning  'jsPlumb' is not defined                                                   no-undef
  15343:24  warning  'jsPlumb' is not defined                                                   no-undef
  15469:26  warning  Do not access Object.prototype method 'hasOwnProperty' from target object  no-prototype-builtins
  15482:13  warning  'jsPlumb' is not defined                                                   no-undef
  15487:18  warning  'jsPlumb' is not defined                                                   no-undef
  15496:13  warning  'jsPlumb' is not defined                                                   no-undef
  15501:17  warning  'jsPlumb' is not defined                                                   no-undef
  15502:17  warning  'jsPlumb' is not defined                                                   no-undef
  15504:17  warning  'jsPlumb' is not defined                                                   no-undef
  15508:13  warning  'jsPlumb' is not defined                                                   no-undef
  15514:17  warning  'jsPlumb' is not defined                                                   no-undef
  15552:18  warning  'jsPlumb' is not defined                                                   no-undef
  15600:22  warning  'jsPlumb' is not defined                                                   no-undef
  15705:20  warning  'jsPlumb' is not defined                                                   no-undef
  15719:13  warning  'jsPlumb' is not defined                                                   no-undef
  15731:18  warning  'jsPlumb' is not defined                                                   no-undef
  15734:25  warning  'jsPlumb' is not defined                                                   no-undef
  15736:35  warning  'jsPlumb' is not defined                                                   no-undef
  15737:30  warning  'jsPlumb' is not defined                                                   no-undef
  15738:45  warning  'jsPlumb' is not defined                                                   no-undef
  15739:45  warning  'jsPlumb' is not defined                                                   no-undef
  15740:46  warning  'jsPlumb' is not defined                                                   no-undef
  15856:36  warning  'el' is defined but never used                                             no-unused-vars
  15856:40  warning  'options' is defined but never used                                        no-unused-vars
  15859:36  warning  'el' is defined but never used                                             no-unused-vars
  15859:40  warning  'options' is defined but never used                                        no-unused-vars
  15875:45  warning  'zoom' is defined but never used                                           no-unused-vars
  15915:33  warning  'spec' is defined but never used                                           no-unused-vars
  15924:31  warning  'spec' is defined but never used                                           no-unused-vars
  15933:38  warning  'posseId' is defined but never used                                        no-unused-vars
  15992:23  warning  'el' is defined but never used                                             no-unused-vars
  15992:27  warning  'event' is defined but never used                                          no-unused-vars
  15992:34  warning  'callback' is defined but never used                                       no-unused-vars
  16001:24  warning  'el' is defined but never used                                             no-unused-vars
  16001:28  warning  'event' is defined but never used                                          no-unused-vars
  16001:35  warning  'callback' is defined but never used                                       no-unused-vars

✖ 248 problems (0 errors, 248 warnings)
  0 errors and 19 warnings potentially fixable with the `--fix` option.

